# JRE version: Java(TM) SE Runtime Environment (8.0_66-b17) (build 1.8.0_66-b17)
# Java VM: Java HotSpot(TM) 64-Bit Server VM (25.66-b17 mixed mode linux-amd64 )
Heap:
 par new generation   total 629248K, used 158962K [0x00007f7b7c800000, 0x00007f7ba72c0000, 0x00007f7bf4190000)
  eden space 559360K,  28% used [0x00007f7b7c800000, 0x00007f7b8633cad8, 0x00007f7b9ea40000)
  from space 69888K,   0% used [0x00007f7b9ea40000, 0x00007f7b9ea40000, 0x00007f7ba2e80000)
  to   space 69888K,   0% used [0x00007f7ba2e80000, 0x00007f7ba2e80000, 0x00007f7ba72c0000)
 concurrent mark-sweep generation total 1398144K, used 29974K [0x00007f7bf4190000, 0x00007f7c496f0000, 0x00007f9000000000)
 Metaspace       used 42483K, capacity 42862K, committed 43148K, reserved 45056K
GC Heap History (4 events):
Event: 6.868 GC heap before
{Heap before GC invocations=0 (full 0):
 par new generation   total 629120K, used 559232K [0x00007f7b7c800000, 0x00007f7ba72a0000, 0x00007f7bf4190000)
  eden space 559232K, 100% used [0x00007f7b7c800000, 0x00007f7b9ea20000, 0x00007f7b9ea20000)
  from space 69888K,   0% used [0x00007f7b9ea20000, 0x00007f7b9ea20000, 0x00007f7ba2e60000)
  to   space 69888K,   0% used [0x00007f7ba2e60000, 0x00007f7ba2e60000, 0x00007f7ba72a0000)
 concurrent mark-sweep generation total 1398144K, used 0K [0x00007f7bf4190000, 0x00007f7c496f0000, 0x00007f9000000000)
 Metaspace       used 21487K, capacity 21805K, committed 21884K, reserved 22528K
Event: 7.007 GC heap after
Heap after GC invocations=1 (full 0):
 par new generation   total 629120K, used 24524K [0x00007f7b7c800000, 0x00007f7ba72a0000, 0x00007f7bf4190000)
  eden space 559232K,   0% used [0x00007f7b7c800000, 0x00007f7b7c800000, 0x00007f7b9ea20000)
  from space 69888K,  35% used [0x00007f7ba2e60000, 0x00007f7ba46530c8, 0x00007f7ba72a0000)
  to   space 69888K,   0% used [0x00007f7b9ea20000, 0x00007f7b9ea20000, 0x00007f7ba2e60000)
 concurrent mark-sweep generation total 1398144K, used 0K [0x00007f7bf4190000, 0x00007f7c496f0000, 0x00007f9000000000)
 Metaspace       used 21487K, capacity 21805K, committed 21884K, reserved 22528K
}
Event: 9.014 GC heap before
{Heap before GC invocations=1 (full 0):
 par new generation   total 629120K, used 206172K [0x00007f7b7c800000, 0x00007f7ba72a0000, 0x00007f7bf4190000)
  eden space 559232K,  32% used [0x00007f7b7c800000, 0x00007f7b87963fe0, 0x00007f7b9ea20000)
  from space 69888K,  35% used [0x00007f7ba2e60000, 0x00007f7ba46530c8, 0x00007f7ba72a0000)
  to   space 69888K,   0% used [0x00007f7b9ea20000, 0x00007f7b9ea20000, 0x00007f7ba2e60000)
 concurrent mark-sweep generation total 1398144K, used 0K [0x00007f7bf4190000, 0x00007f7c496f0000, 0x00007f9000000000)
 Metaspace       used 37088K, capacity 37525K, committed 37820K, reserved 38912K
Event: 17.038 GC heap after
Heap after GC invocations=2 (full 1):
 par new generation   total 629248K, used 0K [0x00007f7b7c800000, 0x00007f7ba72c0000, 0x00007f7bf4190000)
  eden space 559360K,   0% used [0x00007f7b7c800000, 0x00007f7b7c800000, 0x00007f7b9ea40000)
  from space 69888K,   0% used [0x00007f7b9ea40000, 0x00007f7b9ea40000, 0x00007f7ba2e80000)
  to   space 69888K,   0% used [0x00007f7ba2e80000, 0x00007f7ba2e80000, 0x00007f7ba72c0000)
 concurrent mark-sweep generation total 1398144K, used 29974K [0x00007f7bf4190000, 0x00007f7c496f0000, 0x00007f9000000000)
 Metaspace       used 37088K, capacity 37525K, committed 37820K, reserved 38912K
}

